<?xml version="1.0" encoding="UTF-8"?>
<testng-results total="1" passed="1" failed="0" skipped="0">
  <reporter-output>
  </reporter-output>
  <suite started-at="2018-08-23T23:47:17Z" name="Default suite" finished-at="2018-08-23T23:47:28Z" duration-ms="11271">
    <groups>
    </groups>
    <test started-at="2018-08-23T23:47:17Z" name="Default test" finished-at="2018-08-23T23:47:28Z" duration-ms="11271">
      <class name="handleHiddenElements.HandleHiddenElements">
        <test-method is-config="true" signature="InvokeBrowser()[pri:0, instance:handleHiddenElements.HandleHiddenElements@27f3b6d6]" started-at="2018-08-23T19:47:17Z" name="InvokeBrowser" finished-at="2018-08-23T19:47:18Z" duration-ms="1397" status="PASS">
          <reporter-output>
          </reporter-output>
        </test-method> <!-- InvokeBrowser -->
        <test-method signature="MouseHover()[pri:0, instance:handleHiddenElements.HandleHiddenElements@27f3b6d6]" started-at="2018-08-23T19:47:18Z" name="MouseHover" finished-at="2018-08-23T19:47:25Z" duration-ms="6927" status="PASS">
          <reporter-output>
          </reporter-output>
        </test-method> <!-- MouseHover -->
        <test-method is-config="true" signature="tearDown()[pri:0, instance:handleHiddenElements.HandleHiddenElements@27f3b6d6]" started-at="2018-08-23T19:47:25Z" name="tearDown" finished-at="2018-08-23T19:47:28Z" duration-ms="2913" status="PASS">
          <reporter-output>
          </reporter-output>
        </test-method> <!-- tearDown -->
      </class> <!-- handleHiddenElements.HandleHiddenElements -->
    </test> <!-- Default test -->
  </suite> <!-- Default suite -->
</testng-results>
